<?xml version="1.0" encoding="UTF-8"?>
<testsuite name="com.kodilla.tictactoe.running.TicTacToeTest" tests="1" skipped="0" failures="0" errors="0" timestamp="2023-01-21T11:23:28" hostname="IDEA-PC" time="0.083">
  <properties/>
  <testcase name="Name of test: testTwoXOrOInErrorChoice" classname="com.kodilla.tictactoe.running.TicTacToeTest" time="0.083"/>
  <system-out><![CDATA[
Test Case: begin!
Preparing to execute test #1
Choice invalid, please try again!
Enter the size of the game board [3-10]:
We caught exception DimFromIntroductionException: null!

Test Case: end!
]]></system-out>
  <system-err><![CDATA[]]></system-err>
</testsuite>
