<?xml version="1.0" encoding="UTF-8"?>
<testsuite name="com.kodilla.tictactoe.running.TicTacToeTest" tests="1" skipped="0" failures="0" errors="0" timestamp="2023-01-12T18:22:13" hostname="IDEA-PC" time="0.263">
  <properties/>
  <testcase name="Name of test: testWinOInColumns" classname="com.kodilla.tictactoe.running.TicTacToeTest" time="0.263"/>
  <system-out><![CDATA[
Test Case: begin!
Preparing to execute test #1

Game board:
	0.	1.	2.	
0.	?	?	?	
1.	?	?	?	
2.	?	?	?	

Game board:
	0.	1.	2.	
0.	0	?	?	
1.	0	?	?	
2.	0	?	?	
Test Case: end!

]]></system-out>
  <system-err><![CDATA[sty 12, 2023 7:22:13 PM com.kodilla.tictactoe.running.TicTacToeTest testWinOInColumns
INFO: Won is: true
]]></system-err>
</testsuite>
